app/build/intermediates/manifest_merge_blame_file/debug/manifest-merger-blame-debug-report.txt
1<?xml version="1.0" encoding="utf-8"?>
2<manifest xmlns:android="http://schemas.android.com/apk/res/android"
3    package="com.aliendroid.alienads"
4    android:versionCode="1"
5    android:versionName="1.0" >
6
7    <uses-sdk
8        android:minSdkVersion="21"
8-->src/main/AndroidManifest.xml
9        android:targetSdkVersion="34" />
9-->src/main/AndroidManifest.xml
10
11    <uses-permission android:name="android.permission.ACCESS_FINE_LOCATION" />
11-->src/main/AndroidManifest.xml:6:5-79
11-->src/main/AndroidManifest.xml:6:22-76
12    <uses-permission android:name="android.permission.ACCESS_NETWORK_STATE" />
12-->src/main/AndroidManifest.xml:7:5-79
12-->src/main/AndroidManifest.xml:7:22-76
13    <uses-permission android:name="android.permission.INTERNET" />
13-->src/main/AndroidManifest.xml:8:5-67
13-->src/main/AndroidManifest.xml:8:22-64
14    <uses-permission android:name="com.google.android.gms.permission.AD_ID" />
14-->src/main/AndroidManifest.xml:9:5-79
14-->src/main/AndroidManifest.xml:9:22-76
15
16    <meta-data
16-->src/main/AndroidManifest.xml:10:5-79
17        android:name="adjust_app_token"
17-->src/main/AndroidManifest.xml:10:16-47
18        android:value="bgxb4gvpki68" />
18-->src/main/AndroidManifest.xml:10:48-76
19
20    <uses-permission android:name="android.permission.ACCESS_COARSE_LOCATION" />
20-->[:AlienAdsV2] AndroidManifest.xml:13:5-81
20-->[:AlienAdsV2] AndroidManifest.xml:13:22-78
21    <uses-permission android:name="android.permission.ACCESS_ADSERVICES_AD_ID" />
21-->[com.google.android.gms:play-services-ads-lite:23.6.0] AndroidManifest.xml:27:5-82
21-->[com.google.android.gms:play-services-ads-lite:23.6.0] AndroidManifest.xml:27:22-79
22    <uses-permission android:name="android.permission.ACCESS_ADSERVICES_ATTRIBUTION" />
22-->[com.google.android.gms:play-services-ads-lite:23.6.0] AndroidManifest.xml:28:5-88
22-->[com.google.android.gms:play-services-ads-lite:23.6.0] AndroidManifest.xml:28:22-85
23    <uses-permission android:name="android.permission.ACCESS_ADSERVICES_TOPICS" /> <!-- Android package visibility setting -->
23-->[com.google.android.gms:play-services-ads-lite:23.6.0] AndroidManifest.xml:29:5-83
23-->[com.google.android.gms:play-services-ads-lite:23.6.0] AndroidManifest.xml:29:22-80
24    <queries>
24-->[com.google.android.gms:play-services-ads-lite:23.6.0] AndroidManifest.xml:35:5-68:15
25
26        <!-- For browser content -->
27        <intent>
27-->[com.google.android.gms:play-services-ads-lite:23.6.0] AndroidManifest.xml:38:9-44:18
28            <action android:name="android.intent.action.VIEW" />
28-->[com.google.android.gms:play-services-ads-lite:23.6.0] AndroidManifest.xml:39:13-65
28-->[com.google.android.gms:play-services-ads-lite:23.6.0] AndroidManifest.xml:39:21-62
29
30            <category android:name="android.intent.category.BROWSABLE" />
30-->[com.google.android.gms:play-services-ads-lite:23.6.0] AndroidManifest.xml:41:13-74
30-->[com.google.android.gms:play-services-ads-lite:23.6.0] AndroidManifest.xml:41:23-71
31
32            <data android:scheme="https" />
32-->[com.google.android.gms:play-services-ads-lite:23.6.0] AndroidManifest.xml:43:13-44
32-->[com.google.android.gms:play-services-ads-lite:23.6.0] AndroidManifest.xml:43:19-41
33        </intent>
34        <!-- End of browser content -->
35        <!-- For CustomTabsService -->
36        <intent>
36-->[com.google.android.gms:play-services-ads-lite:23.6.0] AndroidManifest.xml:47:9-49:18
37            <action android:name="android.support.customtabs.action.CustomTabsService" />
37-->[com.google.android.gms:play-services-ads-lite:23.6.0] AndroidManifest.xml:48:13-90
37-->[com.google.android.gms:play-services-ads-lite:23.6.0] AndroidManifest.xml:48:21-87
38        </intent>
39        <!-- End of CustomTabsService -->
40        <!-- For MRAID capabilities -->
41        <intent>
41-->[com.google.android.gms:play-services-ads-lite:23.6.0] AndroidManifest.xml:52:9-56:18
42            <action android:name="android.intent.action.INSERT" />
42-->[com.google.android.gms:play-services-ads-lite:23.6.0] AndroidManifest.xml:53:13-67
42-->[com.google.android.gms:play-services-ads-lite:23.6.0] AndroidManifest.xml:53:21-64
43
44            <data android:mimeType="vnd.android.cursor.dir/event" />
44-->[com.google.android.gms:play-services-ads-lite:23.6.0] AndroidManifest.xml:43:13-44
45        </intent>
46        <intent>
46-->[com.google.android.gms:play-services-ads-lite:23.6.0] AndroidManifest.xml:57:9-61:18
47            <action android:name="android.intent.action.VIEW" />
47-->[com.google.android.gms:play-services-ads-lite:23.6.0] AndroidManifest.xml:39:13-65
47-->[com.google.android.gms:play-services-ads-lite:23.6.0] AndroidManifest.xml:39:21-62
48
49            <data android:scheme="sms" />
49-->[com.google.android.gms:play-services-ads-lite:23.6.0] AndroidManifest.xml:43:13-44
49-->[com.google.android.gms:play-services-ads-lite:23.6.0] AndroidManifest.xml:43:19-41
50        </intent>
51        <intent>
51-->[com.google.android.gms:play-services-ads-lite:23.6.0] AndroidManifest.xml:62:9-66:18
52            <action android:name="android.intent.action.DIAL" />
52-->[com.google.android.gms:play-services-ads-lite:23.6.0] AndroidManifest.xml:63:13-65
52-->[com.google.android.gms:play-services-ads-lite:23.6.0] AndroidManifest.xml:63:21-62
53
54            <data android:path="tel:" />
54-->[com.google.android.gms:play-services-ads-lite:23.6.0] AndroidManifest.xml:43:13-44
55        </intent>
56        <!-- End of MRAID capabilities -->
57        <package android:name="com.facebook.katana" />
57-->[com.facebook.android:audience-network-sdk:6.18.0] AndroidManifest.xml:12:9-55
57-->[com.facebook.android:audience-network-sdk:6.18.0] AndroidManifest.xml:12:18-52
58
59        <intent>
59-->[com.startapp:inapp-sdk:5.0.2] AndroidManifest.xml:16:9-18:18
60            <action android:name="android.intent.action.MAIN" />
60-->src/main/AndroidManifest.xml:49:17-69
60-->src/main/AndroidManifest.xml:49:25-66
61        </intent>
62    </queries>
63
64    <uses-permission android:name="android.permission.WAKE_LOCK" />
64-->[androidx.work:work-runtime:2.7.1] AndroidManifest.xml:25:5-68
64-->[androidx.work:work-runtime:2.7.1] AndroidManifest.xml:25:22-65
65    <uses-permission android:name="android.permission.FOREGROUND_SERVICE" />
65-->[androidx.work:work-runtime:2.7.1] AndroidManifest.xml:28:5-77
65-->[androidx.work:work-runtime:2.7.1] AndroidManifest.xml:28:22-74
66    <uses-permission android:name="android.permission.ACCESS_WIFI_STATE" />
66-->[com.startapp:inapp-sdk:5.0.2] AndroidManifest.xml:8:5-76
66-->[com.startapp:inapp-sdk:5.0.2] AndroidManifest.xml:8:22-73
67    <uses-permission android:name="com.google.android.finsky.permission.BIND_GET_INSTALL_REFERRER_SERVICE" />
67-->[com.startapp:inapp-sdk:5.0.2] AndroidManifest.xml:11:5-110
67-->[com.startapp:inapp-sdk:5.0.2] AndroidManifest.xml:11:22-107
68
69    <permission
69-->[androidx.core:core:1.9.0] AndroidManifest.xml:22:5-24:47
70        android:name="com.aliendroid.alienads.DYNAMIC_RECEIVER_NOT_EXPORTED_PERMISSION"
70-->[androidx.core:core:1.9.0] AndroidManifest.xml:23:9-81
71        android:protectionLevel="signature" />
71-->[androidx.core:core:1.9.0] AndroidManifest.xml:24:9-44
72
73    <uses-permission android:name="com.aliendroid.alienads.DYNAMIC_RECEIVER_NOT_EXPORTED_PERMISSION" />
73-->[androidx.core:core:1.9.0] AndroidManifest.xml:26:5-97
73-->[androidx.core:core:1.9.0] AndroidManifest.xml:26:22-94
74
75    <application
75-->src/main/AndroidManifest.xml:12:5-65:19
76        android:name="com.aliendroid.alienads.MyApplication"
76-->src/main/AndroidManifest.xml:13:9-61
77        android:allowBackup="true"
77-->src/main/AndroidManifest.xml:14:9-35
78        android:appComponentFactory="androidx.core.app.CoreComponentFactory"
78-->[androidx.core:core:1.9.0] AndroidManifest.xml:28:18-86
79        android:debuggable="true"
80        android:hardwareAccelerated="true"
80-->src/main/AndroidManifest.xml:19:9-43
81        android:icon="@mipmap/ic_launcher"
81-->src/main/AndroidManifest.xml:15:9-43
82        android:label="@string/app_name"
82-->src/main/AndroidManifest.xml:16:9-41
83        android:networkSecurityConfig="@xml/network_config"
83-->src/main/AndroidManifest.xml:17:9-60
84        android:roundIcon="@mipmap/ic_launcher_round"
84-->src/main/AndroidManifest.xml:18:9-54
85        android:supportsRtl="true"
85-->src/main/AndroidManifest.xml:20:9-35
86        android:testOnly="true"
87        android:theme="@style/Theme.MyApplication"
87-->src/main/AndroidManifest.xml:21:9-51
88        android:usesCleartextTraffic="true" >
88-->src/main/AndroidManifest.xml:22:9-44
89        <activity
89-->src/main/AndroidManifest.xml:24:9-27:40
90            android:name="com.kimganteng.myapplication.MediationAdsActivity"
90-->src/main/AndroidManifest.xml:25:13-49
91            android:exported="false"
91-->src/main/AndroidManifest.xml:27:13-37
92            android:screenOrientation="portrait" />
92-->src/main/AndroidManifest.xml:26:13-49
93        <activity
93-->src/main/AndroidManifest.xml:28:9-31:40
94            android:name="com.kimganteng.myapplication.ViewAdsActivity"
94-->src/main/AndroidManifest.xml:29:13-44
95            android:exported="false"
95-->src/main/AndroidManifest.xml:31:13-37
96            android:screenOrientation="portrait" />
96-->src/main/AndroidManifest.xml:30:13-49
97        <activity
97-->src/main/AndroidManifest.xml:32:9-35:40
98            android:name="com.kimganteng.myapplication.NativeActivity"
98-->src/main/AndroidManifest.xml:33:13-43
99            android:exported="false"
99-->src/main/AndroidManifest.xml:35:13-37
100            android:screenOrientation="portrait" />
100-->src/main/AndroidManifest.xml:34:13-49
101        <activity
101-->src/main/AndroidManifest.xml:36:9-39:40
102            android:name="com.kimganteng.myapplication.BannerActivity"
102-->src/main/AndroidManifest.xml:37:13-43
103            android:exported="false"
103-->src/main/AndroidManifest.xml:39:13-37
104            android:screenOrientation="portrait" />
104-->src/main/AndroidManifest.xml:38:13-49
105        <activity
105-->src/main/AndroidManifest.xml:40:9-43:40
106            android:name="com.kimganteng.myapplication.MainActivity"
106-->src/main/AndroidManifest.xml:41:13-41
107            android:exported="false"
107-->src/main/AndroidManifest.xml:43:13-37
108            android:screenOrientation="portrait" />
108-->src/main/AndroidManifest.xml:42:13-49
109        <activity
109-->src/main/AndroidManifest.xml:44:9-53:20
110            android:name="com.kimganteng.myapplication.SplashActivity"
110-->src/main/AndroidManifest.xml:45:13-43
111            android:exported="true"
111-->src/main/AndroidManifest.xml:47:13-36
112            android:screenOrientation="portrait" >
112-->src/main/AndroidManifest.xml:46:13-49
113            <intent-filter>
113-->src/main/AndroidManifest.xml:48:13-52:29
114                <action android:name="android.intent.action.MAIN" />
114-->src/main/AndroidManifest.xml:49:17-69
114-->src/main/AndroidManifest.xml:49:25-66
115
116                <category android:name="android.intent.category.LAUNCHER" />
116-->src/main/AndroidManifest.xml:51:17-77
116-->src/main/AndroidManifest.xml:51:27-74
117            </intent-filter>
118        </activity>
119
120        <meta-data
120-->src/main/AndroidManifest.xml:55:9-57:56
121            android:name="applovin.sdk.key"
121-->src/main/AndroidManifest.xml:56:13-44
122            android:value="@string/sdk_key_applovin" />
122-->src/main/AndroidManifest.xml:57:13-53
123        <meta-data
123-->src/main/AndroidManifest.xml:58:9-60:50
124            android:name="com.google.android.gms.ads.APPLICATION_ID"
124-->src/main/AndroidManifest.xml:59:13-69
125            android:value="@string/admobappid" />
125-->src/main/AndroidManifest.xml:60:13-47
126        <meta-data
126-->src/main/AndroidManifest.xml:61:9-63:35
127            android:name="com.google.android.gms.ads.DELAY_APP_MEASUREMENT_INIT"
127-->src/main/AndroidManifest.xml:62:13-81
128            android:value="true" />
128-->src/main/AndroidManifest.xml:63:13-33
129        <meta-data
129-->[:AlienAdsV2] AndroidManifest.xml:16:9-18:36
130            android:name="com.google.android.gms.ads.flag.OPTIMIZE_AD_LOADING"
130-->[:AlienAdsV2] AndroidManifest.xml:17:13-79
131            android:value="true" />
131-->[:AlienAdsV2] AndroidManifest.xml:18:13-33
132        <meta-data
132-->[:AlienAdsV2] AndroidManifest.xml:19:9-21:69
133            android:name="com.google.android.gms.version"
133-->[:AlienAdsV2] AndroidManifest.xml:20:13-58
134            android:value="@integer/google_play_services_version" />
134-->[:AlienAdsV2] AndroidManifest.xml:21:13-66
135
136        <activity
136-->[:AlienAdsV2] AndroidManifest.xml:23:9-25:125
137            android:name="com.google.android.gms.ads.AdActivity"
137-->[:AlienAdsV2] AndroidManifest.xml:24:13-65
138            android:configChanges="keyboard|keyboardHidden|orientation|screenLayout|uiMode|screenSize|smallestScreenSize"
138-->[:AlienAdsV2] AndroidManifest.xml:25:13-122
139            android:exported="false"
139-->[com.google.android.gms:play-services-ads-lite:23.6.0] AndroidManifest.xml:76:13-37
140            android:theme="@android:style/Theme.Translucent" />
140-->[com.google.android.gms:play-services-ads-lite:23.6.0] AndroidManifest.xml:77:13-61
141
142        <meta-data
142-->[com.startapp:admob-mediation:2.9.1] AndroidManifest.xml:10:9-12:37
143            android:name="com.startapp.sdk.RETURN_ADS_ENABLED"
143-->[com.startapp:admob-mediation:2.9.1] AndroidManifest.xml:11:13-63
144            android:value="false" />
144-->[com.startapp:admob-mediation:2.9.1] AndroidManifest.xml:12:13-34
145        <meta-data
145-->[com.startapp:admob-mediation:2.9.1] AndroidManifest.xml:13:9-15:37
146            android:name="com.startapp.sdk.SPLASH_ENABLED"
146-->[com.startapp:admob-mediation:2.9.1] AndroidManifest.xml:14:13-59
147            android:value="false" />
147-->[com.startapp:admob-mediation:2.9.1] AndroidManifest.xml:15:13-34
148        <meta-data
148-->[com.startapp:admob-mediation:2.9.1] AndroidManifest.xml:16:9-18:37
149            android:name="com.startapp.sdk.CONSENT_ENABLED"
149-->[com.startapp:admob-mediation:2.9.1] AndroidManifest.xml:17:13-60
150            android:value="false" />
150-->[com.startapp:admob-mediation:2.9.1] AndroidManifest.xml:18:13-34
151
152        <activity
152-->[com.google.ads.mediation:ironsource:7.7.0.1] AndroidManifest.xml:8:9-12:50
153            android:name="com.ironsource.sdk.controller.ControllerActivity"
153-->[com.google.ads.mediation:ironsource:7.7.0.1] AndroidManifest.xml:9:13-76
154            android:configChanges="orientation|screenSize"
154-->[com.google.ads.mediation:ironsource:7.7.0.1] AndroidManifest.xml:10:13-59
155            android:exported="false"
155-->[com.google.ads.mediation:ironsource:7.7.0.1] AndroidManifest.xml:11:13-37
156            android:hardwareAccelerated="true" />
156-->[com.google.ads.mediation:ironsource:7.7.0.1] AndroidManifest.xml:12:13-47
157        <activity
157-->[com.google.ads.mediation:ironsource:7.7.0.1] AndroidManifest.xml:13:9-18:64
158            android:name="com.ironsource.sdk.controller.InterstitialActivity"
158-->[com.google.ads.mediation:ironsource:7.7.0.1] AndroidManifest.xml:14:13-78
159            android:configChanges="orientation|screenSize"
159-->[com.google.ads.mediation:ironsource:7.7.0.1] AndroidManifest.xml:15:13-59
160            android:exported="false"
160-->[com.google.ads.mediation:ironsource:7.7.0.1] AndroidManifest.xml:16:13-37
161            android:hardwareAccelerated="true"
161-->[com.google.ads.mediation:ironsource:7.7.0.1] AndroidManifest.xml:17:13-47
162            android:theme="@android:style/Theme.Translucent" />
162-->[com.google.ads.mediation:ironsource:7.7.0.1] AndroidManifest.xml:18:13-61
163        <activity
163-->[com.google.ads.mediation:ironsource:7.7.0.1] AndroidManifest.xml:19:9-24:64
164            android:name="com.ironsource.sdk.controller.OpenUrlActivity"
164-->[com.google.ads.mediation:ironsource:7.7.0.1] AndroidManifest.xml:20:13-73
165            android:configChanges="orientation|screenSize"
165-->[com.google.ads.mediation:ironsource:7.7.0.1] AndroidManifest.xml:21:13-59
166            android:exported="false"
166-->[com.google.ads.mediation:ironsource:7.7.0.1] AndroidManifest.xml:22:13-37
167            android:hardwareAccelerated="true"
167-->[com.google.ads.mediation:ironsource:7.7.0.1] AndroidManifest.xml:23:13-47
168            android:theme="@android:style/Theme.Translucent" />
168-->[com.google.ads.mediation:ironsource:7.7.0.1] AndroidManifest.xml:24:13-61
169
170        <provider
170-->[com.google.android.gms:play-services-ads-lite:23.6.0] AndroidManifest.xml:80:9-85:43
171            android:name="com.google.android.gms.ads.MobileAdsInitProvider"
171-->[com.google.android.gms:play-services-ads-lite:23.6.0] AndroidManifest.xml:81:13-76
172            android:authorities="com.aliendroid.alienads.mobileadsinitprovider"
172-->[com.google.android.gms:play-services-ads-lite:23.6.0] AndroidManifest.xml:82:13-73
173            android:exported="false"
173-->[com.google.android.gms:play-services-ads-lite:23.6.0] AndroidManifest.xml:83:13-37
174            android:initOrder="100" />
174-->[com.google.android.gms:play-services-ads-lite:23.6.0] AndroidManifest.xml:84:13-36
175
176        <service
176-->[com.google.android.gms:play-services-ads-lite:23.6.0] AndroidManifest.xml:87:9-91:43
177            android:name="com.google.android.gms.ads.AdService"
177-->[com.google.android.gms:play-services-ads-lite:23.6.0] AndroidManifest.xml:88:13-64
178            android:enabled="true"
178-->[com.google.android.gms:play-services-ads-lite:23.6.0] AndroidManifest.xml:89:13-35
179            android:exported="false" />
179-->[com.google.android.gms:play-services-ads-lite:23.6.0] AndroidManifest.xml:90:13-37
180
181        <activity
181-->[com.google.android.gms:play-services-ads-lite:23.6.0] AndroidManifest.xml:93:9-97:43
182            android:name="com.google.android.gms.ads.OutOfContextTestingActivity"
182-->[com.google.android.gms:play-services-ads-lite:23.6.0] AndroidManifest.xml:94:13-82
183            android:configChanges="keyboard|keyboardHidden|orientation|screenLayout|uiMode|screenSize|smallestScreenSize"
183-->[com.google.android.gms:play-services-ads-lite:23.6.0] AndroidManifest.xml:95:13-122
184            android:exported="false" />
184-->[com.google.android.gms:play-services-ads-lite:23.6.0] AndroidManifest.xml:96:13-37
185        <activity
185-->[com.google.android.gms:play-services-ads-lite:23.6.0] AndroidManifest.xml:98:9-105:43
186            android:name="com.google.android.gms.ads.NotificationHandlerActivity"
186-->[com.google.android.gms:play-services-ads-lite:23.6.0] AndroidManifest.xml:99:13-82
187            android:excludeFromRecents="true"
187-->[com.google.android.gms:play-services-ads-lite:23.6.0] AndroidManifest.xml:100:13-46
188            android:exported="false"
188-->[com.google.android.gms:play-services-ads-lite:23.6.0] AndroidManifest.xml:101:13-37
189            android:launchMode="singleTask"
189-->[com.google.android.gms:play-services-ads-lite:23.6.0] AndroidManifest.xml:102:13-44
190            android:taskAffinity=""
190-->[com.google.android.gms:play-services-ads-lite:23.6.0] AndroidManifest.xml:103:13-36
191            android:theme="@android:style/Theme.Translucent.NoTitleBar" />
191-->[com.google.android.gms:play-services-ads-lite:23.6.0] AndroidManifest.xml:104:13-72
192
193        <property
193-->[com.google.android.gms:play-services-ads-lite:23.6.0] AndroidManifest.xml:107:9-109:62
194            android:name="android.adservices.AD_SERVICES_CONFIG"
194-->[com.google.android.gms:play-services-ads-lite:23.6.0] AndroidManifest.xml:108:13-65
195            android:resource="@xml/gma_ad_services_config" />
195-->[com.google.android.gms:play-services-ads-lite:23.6.0] AndroidManifest.xml:109:13-59
196
197        <activity
197-->[com.unity3d.ads:unity-ads:4.12.5] AndroidManifest.xml:15:9-20:74
198            android:name="com.unity3d.services.ads.adunit.AdUnitActivity"
198-->[com.unity3d.ads:unity-ads:4.12.5] AndroidManifest.xml:16:13-74
199            android:configChanges="fontScale|keyboard|keyboardHidden|locale|mnc|mcc|navigation|orientation|screenLayout|screenSize|smallestScreenSize|uiMode|touchscreen"
199-->[com.unity3d.ads:unity-ads:4.12.5] AndroidManifest.xml:17:13-170
200            android:exported="false"
200-->[com.unity3d.ads:unity-ads:4.12.5] AndroidManifest.xml:18:13-37
201            android:hardwareAccelerated="true"
201-->[com.unity3d.ads:unity-ads:4.12.5] AndroidManifest.xml:19:13-47
202            android:theme="@android:style/Theme.NoTitleBar.Fullscreen" />
202-->[com.unity3d.ads:unity-ads:4.12.5] AndroidManifest.xml:20:13-71
203        <activity
203-->[com.unity3d.ads:unity-ads:4.12.5] AndroidManifest.xml:21:9-26:86
204            android:name="com.unity3d.services.ads.adunit.AdUnitTransparentActivity"
204-->[com.unity3d.ads:unity-ads:4.12.5] AndroidManifest.xml:22:13-85
205            android:configChanges="fontScale|keyboard|keyboardHidden|locale|mnc|mcc|navigation|orientation|screenLayout|screenSize|smallestScreenSize|uiMode|touchscreen"
205-->[com.unity3d.ads:unity-ads:4.12.5] AndroidManifest.xml:23:13-170
206            android:exported="false"
206-->[com.unity3d.ads:unity-ads:4.12.5] AndroidManifest.xml:24:13-37
207            android:hardwareAccelerated="true"
207-->[com.unity3d.ads:unity-ads:4.12.5] AndroidManifest.xml:25:13-47
208            android:theme="@android:style/Theme.Translucent.NoTitleBar.Fullscreen" />
208-->[com.unity3d.ads:unity-ads:4.12.5] AndroidManifest.xml:26:13-83
209        <activity
209-->[com.unity3d.ads:unity-ads:4.12.5] AndroidManifest.xml:27:9-32:86
210            android:name="com.unity3d.services.ads.adunit.AdUnitTransparentSoftwareActivity"
210-->[com.unity3d.ads:unity-ads:4.12.5] AndroidManifest.xml:28:13-93
211            android:configChanges="fontScale|keyboard|keyboardHidden|locale|mnc|mcc|navigation|orientation|screenLayout|screenSize|smallestScreenSize|uiMode|touchscreen"
211-->[com.unity3d.ads:unity-ads:4.12.5] AndroidManifest.xml:29:13-170
212            android:exported="false"
212-->[com.unity3d.ads:unity-ads:4.12.5] AndroidManifest.xml:30:13-37
213            android:hardwareAccelerated="false"
213-->[com.unity3d.ads:unity-ads:4.12.5] AndroidManifest.xml:31:13-48
214            android:theme="@android:style/Theme.Translucent.NoTitleBar.Fullscreen" />
214-->[com.unity3d.ads:unity-ads:4.12.5] AndroidManifest.xml:32:13-83
215        <activity
215-->[com.unity3d.ads:unity-ads:4.12.5] AndroidManifest.xml:33:9-38:74
216            android:name="com.unity3d.services.ads.adunit.AdUnitSoftwareActivity"
216-->[com.unity3d.ads:unity-ads:4.12.5] AndroidManifest.xml:34:13-82
217            android:configChanges="fontScale|keyboard|keyboardHidden|locale|mnc|mcc|navigation|orientation|screenLayout|screenSize|smallestScreenSize|uiMode|touchscreen"
217-->[com.unity3d.ads:unity-ads:4.12.5] AndroidManifest.xml:35:13-170
218            android:exported="false"
218-->[com.unity3d.ads:unity-ads:4.12.5] AndroidManifest.xml:36:13-37
219            android:hardwareAccelerated="false"
219-->[com.unity3d.ads:unity-ads:4.12.5] AndroidManifest.xml:37:13-48
220            android:theme="@android:style/Theme.NoTitleBar.Fullscreen" />
220-->[com.unity3d.ads:unity-ads:4.12.5] AndroidManifest.xml:38:13-71
221        <activity
221-->[com.unity3d.ads:unity-ads:4.12.5] AndroidManifest.xml:39:9-44:74
222            android:name="com.unity3d.ads.adplayer.FullScreenWebViewDisplay"
222-->[com.unity3d.ads:unity-ads:4.12.5] AndroidManifest.xml:40:13-77
223            android:configChanges="fontScale|keyboard|keyboardHidden|locale|mnc|mcc|navigation|orientation|screenLayout|screenSize|smallestScreenSize|uiMode|touchscreen"
223-->[com.unity3d.ads:unity-ads:4.12.5] AndroidManifest.xml:41:13-170
224            android:exported="false"
224-->[com.unity3d.ads:unity-ads:4.12.5] AndroidManifest.xml:42:13-37
225            android:hardwareAccelerated="true"
225-->[com.unity3d.ads:unity-ads:4.12.5] AndroidManifest.xml:43:13-47
226            android:theme="@android:style/Theme.NoTitleBar.Fullscreen" />
226-->[com.unity3d.ads:unity-ads:4.12.5] AndroidManifest.xml:44:13-71
227
228        <provider
228-->[com.unity3d.ads:unity-ads:4.12.5] AndroidManifest.xml:46:9-56:20
229            android:name="androidx.startup.InitializationProvider"
229-->[com.unity3d.ads:unity-ads:4.12.5] AndroidManifest.xml:47:13-67
230            android:authorities="com.aliendroid.alienads.androidx-startup"
230-->[com.unity3d.ads:unity-ads:4.12.5] AndroidManifest.xml:48:13-68
231            android:exported="false" >
231-->[androidx.work:work-runtime:2.7.1] AndroidManifest.xml:34:13-37
232            <meta-data
232-->[com.unity3d.ads:unity-ads:4.12.5] AndroidManifest.xml:50:13-52:52
233                android:name="androidx.lifecycle.ProcessLifecycleInitializer"
233-->[com.unity3d.ads:unity-ads:4.12.5] AndroidManifest.xml:51:17-78
234                android:value="androidx.startup" />
234-->[com.unity3d.ads:unity-ads:4.12.5] AndroidManifest.xml:52:17-49
235            <meta-data
235-->[com.unity3d.ads:unity-ads:4.12.5] AndroidManifest.xml:53:13-55:52
236                android:name="com.unity3d.services.core.configuration.AdsSdkInitializer"
236-->[com.unity3d.ads:unity-ads:4.12.5] AndroidManifest.xml:54:17-89
237                android:value="androidx.startup" />
237-->[com.unity3d.ads:unity-ads:4.12.5] AndroidManifest.xml:55:17-49
238            <meta-data
238-->[androidx.work:work-runtime:2.7.1] AndroidManifest.xml:36:13-38:52
239                android:name="androidx.work.WorkManagerInitializer"
239-->[androidx.work:work-runtime:2.7.1] AndroidManifest.xml:37:17-68
240                android:value="androidx.startup" />
240-->[androidx.work:work-runtime:2.7.1] AndroidManifest.xml:38:17-49
241            <meta-data
241-->[androidx.emoji2:emoji2:1.0.0] AndroidManifest.xml:31:13-33:52
242                android:name="androidx.emoji2.text.EmojiCompatInitializer"
242-->[androidx.emoji2:emoji2:1.0.0] AndroidManifest.xml:32:17-75
243                android:value="androidx.startup" />
243-->[androidx.emoji2:emoji2:1.0.0] AndroidManifest.xml:33:17-49
244            <meta-data
244-->[androidx.profileinstaller:profileinstaller:1.3.0] AndroidManifest.xml:29:13-31:52
245                android:name="androidx.profileinstaller.ProfileInstallerInitializer"
245-->[androidx.profileinstaller:profileinstaller:1.3.0] AndroidManifest.xml:30:17-85
246                android:value="androidx.startup" />
246-->[androidx.profileinstaller:profileinstaller:1.3.0] AndroidManifest.xml:31:17-49
247        </provider>
248
249        <service
249-->[androidx.work:work-runtime:2.7.1] AndroidManifest.xml:41:9-46:35
250            android:name="androidx.work.impl.background.systemalarm.SystemAlarmService"
250-->[androidx.work:work-runtime:2.7.1] AndroidManifest.xml:42:13-88
251            android:directBootAware="false"
251-->[androidx.work:work-runtime:2.7.1] AndroidManifest.xml:43:13-44
252            android:enabled="@bool/enable_system_alarm_service_default"
252-->[androidx.work:work-runtime:2.7.1] AndroidManifest.xml:44:13-72
253            android:exported="false" />
253-->[androidx.work:work-runtime:2.7.1] AndroidManifest.xml:45:13-37
254        <service
254-->[androidx.work:work-runtime:2.7.1] AndroidManifest.xml:47:9-53:35
255            android:name="androidx.work.impl.background.systemjob.SystemJobService"
255-->[androidx.work:work-runtime:2.7.1] AndroidManifest.xml:48:13-84
256            android:directBootAware="false"
256-->[androidx.work:work-runtime:2.7.1] AndroidManifest.xml:49:13-44
257            android:enabled="@bool/enable_system_job_service_default"
257-->[androidx.work:work-runtime:2.7.1] AndroidManifest.xml:50:13-70
258            android:exported="true"
258-->[androidx.work:work-runtime:2.7.1] AndroidManifest.xml:51:13-36
259            android:permission="android.permission.BIND_JOB_SERVICE" />
259-->[androidx.work:work-runtime:2.7.1] AndroidManifest.xml:52:13-69
260        <service
260-->[androidx.work:work-runtime:2.7.1] AndroidManifest.xml:54:9-59:35
261            android:name="androidx.work.impl.foreground.SystemForegroundService"
261-->[androidx.work:work-runtime:2.7.1] AndroidManifest.xml:55:13-81
262            android:directBootAware="false"
262-->[androidx.work:work-runtime:2.7.1] AndroidManifest.xml:56:13-44
263            android:enabled="@bool/enable_system_foreground_service_default"
263-->[androidx.work:work-runtime:2.7.1] AndroidManifest.xml:57:13-77
264            android:exported="false" />
264-->[androidx.work:work-runtime:2.7.1] AndroidManifest.xml:58:13-37
265
266        <receiver
266-->[androidx.work:work-runtime:2.7.1] AndroidManifest.xml:61:9-66:35
267            android:name="androidx.work.impl.utils.ForceStopRunnable$BroadcastReceiver"
267-->[androidx.work:work-runtime:2.7.1] AndroidManifest.xml:62:13-88
268            android:directBootAware="false"
268-->[androidx.work:work-runtime:2.7.1] AndroidManifest.xml:63:13-44
269            android:enabled="true"
269-->[androidx.work:work-runtime:2.7.1] AndroidManifest.xml:64:13-35
270            android:exported="false" />
270-->[androidx.work:work-runtime:2.7.1] AndroidManifest.xml:65:13-37
271        <receiver
271-->[androidx.work:work-runtime:2.7.1] AndroidManifest.xml:67:9-77:20
272            android:name="androidx.work.impl.background.systemalarm.ConstraintProxy$BatteryChargingProxy"
272-->[androidx.work:work-runtime:2.7.1] AndroidManifest.xml:68:13-106
273            android:directBootAware="false"
273-->[androidx.work:work-runtime:2.7.1] AndroidManifest.xml:69:13-44
274            android:enabled="false"
274-->[androidx.work:work-runtime:2.7.1] AndroidManifest.xml:70:13-36